[2017-08-19 16:11:19.659] [ERROR] errorLogger - 
*************** error log start ***************
request method: GET
request originalUrl:  /content/threads
request client ip:  ::1
request query:  {}
response time: 1
err name: ReferenceError
err message: req is not defined
err stack: ReferenceError: req is not defined
    at exports.index (/Users/web/Desktop/demo/koaproject/water2017/api/controllers/ThreadsController.js:9:31)
    at dispatch (/Users/web/Desktop/demo/koaproject/water2017/node_modules/koa-router/node_modules/koa-compose/index.js:44:32)
    at next (/Users/web/Desktop/demo/koaproject/water2017/node_modules/koa-router/node_modules/koa-compose/index.js:45:18)
    at /Users/web/Desktop/demo/koaproject/water2017/node_modules/koa-router/lib/router.js:345:16
    at dispatch (/Users/web/Desktop/demo/koaproject/water2017/node_modules/koa-router/node_modules/koa-compose/index.js:44:32)
    at /Users/web/Desktop/demo/koaproject/water2017/node_modules/koa-router/node_modules/koa-compose/index.js:36:12
    at dispatch (/Users/web/Desktop/demo/koaproject/water2017/node_modules/koa-router/lib/router.js:350:31)
    at dispatch (/Users/web/Desktop/demo/koaproject/water2017/node_modules/koa-compose/index.js:42:32)
    at next (/Users/web/Desktop/demo/koaproject/water2017/node_modules/koa-compose/index.js:43:18)
    at dispatch (/Users/web/Desktop/demo/koaproject/water2017/node_modules/koa-router/lib/router.js:332:32)
    at dispatch (/Users/web/Desktop/demo/koaproject/water2017/node_modules/koa-compose/index.js:42:32)
    at next (/Users/web/Desktop/demo/koaproject/water2017/node_modules/koa-compose/index.js:43:18)
    at dispatch (/Users/web/Desktop/demo/koaproject/water2017/node_modules/koa-router/lib/router.js:332:32)
    at dispatch (/Users/web/Desktop/demo/koaproject/water2017/node_modules/koa-compose/index.js:42:32)
    at next (/Users/web/Desktop/demo/koaproject/water2017/node_modules/koa-compose/index.js:43:18)
    at app.use (/Users/web/Desktop/demo/koaproject/water2017/app.js:42:13)
    at dispatch (/Users/web/Desktop/demo/koaproject/water2017/node_modules/koa-compose/index.js:42:32)
    at next (/Users/web/Desktop/demo/koaproject/water2017/node_modules/koa-compose/index.js:43:18)
    at views (/Users/web/Desktop/demo/koaproject/water2017/node_modules/koa-views/lib/index.js:61:12)
    at dispatch (/Users/web/Desktop/demo/koaproject/water2017/node_modules/koa-compose/index.js:42:32)
    at next (/Users/web/Desktop/demo/koaproject/water2017/node_modules/koa-compose/index.js:43:18)
    at send.then.done (/Users/web/Desktop/demo/koaproject/water2017/node_modules/koa-static/index.js:43:20)
*************** error log end ***************

[2017-08-19 16:26:00.794] [ERROR] errorLogger - 
*************** error log start ***************
request method: GET
request originalUrl:  /content/threads
request client ip:  ::1
request query:  {}
response time: 63
err name: SequelizeDatabaseError
err message: Unknown column 'createdAt' in 'field list'
err stack: SequelizeDatabaseError: Unknown column 'createdAt' in 'field list'
    at Query.formatError (/Users/web/Desktop/demo/koaproject/water2017/node_modules/sequelize/lib/dialects/mysql/query.js:222:16)
    at Query.connection.query [as onResult] (/Users/web/Desktop/demo/koaproject/water2017/node_modules/sequelize/lib/dialects/mysql/query.js:55:23)
    at Query.Command.execute (/Users/web/Desktop/demo/koaproject/water2017/node_modules/mysql2/lib/commands/command.js:30:12)
    at Connection.handlePacket (/Users/web/Desktop/demo/koaproject/water2017/node_modules/mysql2/lib/connection.js:515:28)
    at PacketParser.onPacket (/Users/web/Desktop/demo/koaproject/water2017/node_modules/mysql2/lib/connection.js:94:16)
    at PacketParser.executeStart (/Users/web/Desktop/demo/koaproject/water2017/node_modules/mysql2/lib/packet_parser.js:77:14)
    at Socket.<anonymous> (/Users/web/Desktop/demo/koaproject/water2017/node_modules/mysql2/lib/connection.js:102:29)
    at emitOne (events.js:115:13)
    at Socket.emit (events.js:210:7)
    at addChunk (_stream_readable.js:252:12)
    at readableAddChunk (_stream_readable.js:239:11)
    at Socket.Readable.push (_stream_readable.js:197:10)
    at TCP.onread (net.js:589:20)
*************** error log end ***************

[2017-08-19 16:29:59.408] [ERROR] errorLogger - 
*************** error log start ***************
request method: GET
request originalUrl:  /content/threads
request client ip:  ::1
request query:  {}
response time: 62
err name: SequelizeDatabaseError
err message: Unknown column 'createdAt' in 'field list'
err stack: SequelizeDatabaseError: Unknown column 'createdAt' in 'field list'
    at Query.formatError (/Users/web/Desktop/demo/koaproject/water2017/node_modules/sequelize/lib/dialects/mysql/query.js:222:16)
    at Query.connection.query [as onResult] (/Users/web/Desktop/demo/koaproject/water2017/node_modules/sequelize/lib/dialects/mysql/query.js:55:23)
    at Query.Command.execute (/Users/web/Desktop/demo/koaproject/water2017/node_modules/mysql2/lib/commands/command.js:30:12)
    at Connection.handlePacket (/Users/web/Desktop/demo/koaproject/water2017/node_modules/mysql2/lib/connection.js:515:28)
    at PacketParser.onPacket (/Users/web/Desktop/demo/koaproject/water2017/node_modules/mysql2/lib/connection.js:94:16)
    at PacketParser.executeStart (/Users/web/Desktop/demo/koaproject/water2017/node_modules/mysql2/lib/packet_parser.js:77:14)
    at Socket.<anonymous> (/Users/web/Desktop/demo/koaproject/water2017/node_modules/mysql2/lib/connection.js:102:29)
    at emitOne (events.js:115:13)
    at Socket.emit (events.js:210:7)
    at addChunk (_stream_readable.js:252:12)
    at readableAddChunk (_stream_readable.js:239:11)
    at Socket.Readable.push (_stream_readable.js:197:10)
    at TCP.onread (net.js:589:20)
*************** error log end ***************

[2017-08-19 16:31:28.047] [ERROR] errorLogger - 
*************** error log start ***************
request method: GET
request originalUrl:  /content/threads
request client ip:  ::1
request query:  {}
response time: 545
err name: TypeError
err message: /Users/web/Desktop/demo/koaproject/water2017/views/content/threads/index.pug:5
    3|     +row
    4|         +col('md',3)
  > 5|             +message
    6|             +well
    7|                 +button('primary','sm','创建新的帖子','/content/threads/create').btn-block
    8|                 hr

pug_mixins.message is not a function
err stack: TypeError: /Users/web/Desktop/demo/koaproject/water2017/views/content/threads/index.pug:5
    3|     +row
    4|         +col('md',3)
  > 5|             +message
    6|             +well
    7|                 +button('primary','sm','创建新的帖子','/content/threads/create').btn-block
    8|                 hr

pug_mixins.message is not a function
    at block (eval at wrap (/Users/web/Desktop/demo/koaproject/water2017/node_modules/pug-runtime/wrap.js:6:10), <anonymous>:816:22)
    at Object.pug_interp (eval at wrap (/Users/web/Desktop/demo/koaproject/water2017/node_modules/pug-runtime/wrap.js:6:10), <anonymous>:55:10)
    at block (eval at wrap (/Users/web/Desktop/demo/koaproject/water2017/node_modules/pug-runtime/wrap.js:6:10), <anonymous>:813:19)
    at Object.pug_interp (eval at wrap (/Users/web/Desktop/demo/koaproject/water2017/node_modules/pug-runtime/wrap.js:6:10), <anonymous>:36:10)
    at block (eval at wrap (/Users/web/Desktop/demo/koaproject/water2017/node_modules/pug-runtime/wrap.js:6:10), <anonymous>:810:19)
    at Object.pug_interp (eval at wrap (/Users/web/Desktop/demo/koaproject/water2017/node_modules/pug-runtime/wrap.js:6:10), <anonymous>:13:10)
    at eval (eval at wrap (/Users/web/Desktop/demo/koaproject/water2017/node_modules/pug-runtime/wrap.js:6:10), <anonymous>:806:25)
    at template (eval at wrap (/Users/web/Desktop/demo/koaproject/water2017/node_modules/pug-runtime/wrap.js:6:10), <anonymous>:1312:72)
    at /Users/web/Desktop/demo/koaproject/water2017/node_modules/consolidate/lib/consolidate.js:809:16
    at /Users/web/Desktop/demo/koaproject/water2017/node_modules/consolidate/lib/consolidate.js:144:5
    at Promise._execute (/Users/web/Desktop/demo/koaproject/water2017/node_modules/bluebird/js/release/debuggability.js:300:9)
    at Promise._resolveFromExecutor (/Users/web/Desktop/demo/koaproject/water2017/node_modules/bluebird/js/release/promise.js:483:18)
    at new Promise (/Users/web/Desktop/demo/koaproject/water2017/node_modules/bluebird/js/release/promise.js:79:10)
    at promisify (/Users/web/Desktop/demo/koaproject/water2017/node_modules/consolidate/lib/consolidate.js:137:10)
    at exports.pug (/Users/web/Desktop/demo/koaproject/water2017/node_modules/consolidate/lib/consolidate.js:793:10)
    at /Users/web/Desktop/demo/koaproject/water2017/node_modules/koa-views/lib/index.js:53:20
    at <anonymous>
*************** error log end ***************

[2017-08-19 16:32:17.494] [ERROR] errorLogger - 
*************** error log start ***************
request method: GET
request originalUrl:  /content/threads
request client ip:  ::1
request query:  {}
response time: 569
err name: TypeError
err message: /Users/web/Desktop/demo/koaproject/water2017/views/content/threads/index.pug:10
    8|                 hr
    9|                 +form('get','/content/threads')
  > 10|                     - var pagesize = req.query.pagesize || 20
    11|                     - var pagenow = req.query.page || 1
    12|                     input(type='hidden',name='page',value=pagenow)
    13|                     +input('text','keyword','关键词',req.query.keyword,'包括正文，名称，邮箱。')

Cannot read property 'query' of undefined
err stack: TypeError: /Users/web/Desktop/demo/koaproject/water2017/views/content/threads/index.pug:10
    8|                 hr
    9|                 +form('get','/content/threads')
  > 10|                     - var pagesize = req.query.pagesize || 20
    11|                     - var pagenow = req.query.page || 1
    12|                     input(type='hidden',name='page',value=pagenow)
    13|                     +input('text','keyword','关键词',req.query.keyword,'包括正文，名称，邮箱。')

Cannot read property 'query' of undefined
    at block (eval at wrap (/Users/web/Desktop/demo/koaproject/water2017/node_modules/pug-runtime/wrap.js:6:10), <anonymous>:828:19)
    at Object.pug_interp (eval at wrap (/Users/web/Desktop/demo/koaproject/water2017/node_modules/pug-runtime/wrap.js:6:10), <anonymous>:181:10)
    at block (eval at wrap (/Users/web/Desktop/demo/koaproject/water2017/node_modules/pug-runtime/wrap.js:6:10), <anonymous>:825:20)
    at Object.pug_interp (eval at wrap (/Users/web/Desktop/demo/koaproject/water2017/node_modules/pug-runtime/wrap.js:6:10), <anonymous>:640:10)
    at block (eval at wrap (/Users/web/Desktop/demo/koaproject/water2017/node_modules/pug-runtime/wrap.js:6:10), <anonymous>:816:20)
    at Object.pug_interp (eval at wrap (/Users/web/Desktop/demo/koaproject/water2017/node_modules/pug-runtime/wrap.js:6:10), <anonymous>:55:10)
    at block (eval at wrap (/Users/web/Desktop/demo/koaproject/water2017/node_modules/pug-runtime/wrap.js:6:10), <anonymous>:813:19)
    at Object.pug_interp (eval at wrap (/Users/web/Desktop/demo/koaproject/water2017/node_modules/pug-runtime/wrap.js:6:10), <anonymous>:36:10)
    at block (eval at wrap (/Users/web/Desktop/demo/koaproject/water2017/node_modules/pug-runtime/wrap.js:6:10), <anonymous>:810:19)
    at Object.pug_interp (eval at wrap (/Users/web/Desktop/demo/koaproject/water2017/node_modules/pug-runtime/wrap.js:6:10), <anonymous>:13:10)
    at eval (eval at wrap (/Users/web/Desktop/demo/koaproject/water2017/node_modules/pug-runtime/wrap.js:6:10), <anonymous>:806:25)
    at template (eval at wrap (/Users/web/Desktop/demo/koaproject/water2017/node_modules/pug-runtime/wrap.js:6:10), <anonymous>:1310:72)
    at /Users/web/Desktop/demo/koaproject/water2017/node_modules/consolidate/lib/consolidate.js:809:16
    at /Users/web/Desktop/demo/koaproject/water2017/node_modules/consolidate/lib/consolidate.js:144:5
    at Promise._execute (/Users/web/Desktop/demo/koaproject/water2017/node_modules/bluebird/js/release/debuggability.js:300:9)
    at Promise._resolveFromExecutor (/Users/web/Desktop/demo/koaproject/water2017/node_modules/bluebird/js/release/promise.js:483:18)
    at new Promise (/Users/web/Desktop/demo/koaproject/water2017/node_modules/bluebird/js/release/promise.js:79:10)
    at promisify (/Users/web/Desktop/demo/koaproject/water2017/node_modules/consolidate/lib/consolidate.js:137:10)
    at exports.pug (/Users/web/Desktop/demo/koaproject/water2017/node_modules/consolidate/lib/consolidate.js:793:10)
    at /Users/web/Desktop/demo/koaproject/water2017/node_modules/koa-views/lib/index.js:53:20
    at <anonymous>
*************** error log end ***************

[2017-08-19 16:33:12.182] [ERROR] errorLogger - 
*************** error log start ***************
request method: GET
request originalUrl:  /content/threads
request client ip:  ::1
request query:  {}
response time: 504
err name: TypeError
err message: /Users/web/Desktop/demo/koaproject/water2017/views/content/threads/index.pug:10
    8|                 hr
    9|                 +form('get','/content/threads')
  > 10|                     - var pagesize = req.query.pagesize || 20
    11|                     - var pagenow = req.query.page || 1
    12|                     input(type='hidden',name='page',value=pagenow)
    13|                     +input('text','keyword','关键词',req.query.keyword,'包括正文，名称，邮箱。')

Cannot read property 'pagesize' of undefined
err stack: TypeError: /Users/web/Desktop/demo/koaproject/water2017/views/content/threads/index.pug:10
    8|                 hr
    9|                 +form('get','/content/threads')
  > 10|                     - var pagesize = req.query.pagesize || 20
    11|                     - var pagenow = req.query.page || 1
    12|                     input(type='hidden',name='page',value=pagenow)
    13|                     +input('text','keyword','关键词',req.query.keyword,'包括正文，名称，邮箱。')

Cannot read property 'pagesize' of undefined
    at block (eval at wrap (/Users/web/Desktop/demo/koaproject/water2017/node_modules/pug-runtime/wrap.js:6:10), <anonymous>:828:25)
    at Object.pug_interp (eval at wrap (/Users/web/Desktop/demo/koaproject/water2017/node_modules/pug-runtime/wrap.js:6:10), <anonymous>:181:10)
    at block (eval at wrap (/Users/web/Desktop/demo/koaproject/water2017/node_modules/pug-runtime/wrap.js:6:10), <anonymous>:825:20)
    at Object.pug_interp (eval at wrap (/Users/web/Desktop/demo/koaproject/water2017/node_modules/pug-runtime/wrap.js:6:10), <anonymous>:640:10)
    at block (eval at wrap (/Users/web/Desktop/demo/koaproject/water2017/node_modules/pug-runtime/wrap.js:6:10), <anonymous>:816:20)
    at Object.pug_interp (eval at wrap (/Users/web/Desktop/demo/koaproject/water2017/node_modules/pug-runtime/wrap.js:6:10), <anonymous>:55:10)
    at block (eval at wrap (/Users/web/Desktop/demo/koaproject/water2017/node_modules/pug-runtime/wrap.js:6:10), <anonymous>:813:19)
    at Object.pug_interp (eval at wrap (/Users/web/Desktop/demo/koaproject/water2017/node_modules/pug-runtime/wrap.js:6:10), <anonymous>:36:10)
    at block (eval at wrap (/Users/web/Desktop/demo/koaproject/water2017/node_modules/pug-runtime/wrap.js:6:10), <anonymous>:810:19)
    at Object.pug_interp (eval at wrap (/Users/web/Desktop/demo/koaproject/water2017/node_modules/pug-runtime/wrap.js:6:10), <anonymous>:13:10)
    at eval (eval at wrap (/Users/web/Desktop/demo/koaproject/water2017/node_modules/pug-runtime/wrap.js:6:10), <anonymous>:806:25)
    at template (eval at wrap (/Users/web/Desktop/demo/koaproject/water2017/node_modules/pug-runtime/wrap.js:6:10), <anonymous>:1310:72)
    at /Users/web/Desktop/demo/koaproject/water2017/node_modules/consolidate/lib/consolidate.js:809:16
    at /Users/web/Desktop/demo/koaproject/water2017/node_modules/consolidate/lib/consolidate.js:144:5
    at Promise._execute (/Users/web/Desktop/demo/koaproject/water2017/node_modules/bluebird/js/release/debuggability.js:300:9)
    at Promise._resolveFromExecutor (/Users/web/Desktop/demo/koaproject/water2017/node_modules/bluebird/js/release/promise.js:483:18)
    at new Promise (/Users/web/Desktop/demo/koaproject/water2017/node_modules/bluebird/js/release/promise.js:79:10)
    at promisify (/Users/web/Desktop/demo/koaproject/water2017/node_modules/consolidate/lib/consolidate.js:137:10)
    at exports.pug (/Users/web/Desktop/demo/koaproject/water2017/node_modules/consolidate/lib/consolidate.js:793:10)
    at /Users/web/Desktop/demo/koaproject/water2017/node_modules/koa-views/lib/index.js:53:20
    at <anonymous>
*************** error log end ***************

[2017-08-19 16:33:32.472] [ERROR] errorLogger - 
*************** error log start ***************
request method: GET
request originalUrl:  /content/threads
request client ip:  ::1
request query:  {}
response time: 500
err name: TypeError
err message: /Users/web/Desktop/demo/koaproject/water2017/views/content/threads/index.pug:19
    17|                     if req.query.parent
    18|                         +input('number','parent','父串',req.query.parent)
  > 19|                     +select('forum','版块',sails.models.forum.selectList,req.query.forum)
    20|                     +checkbox('lock','锁定','[{"key":"已锁定","value":"true"}]',req.query.lock)
    21|                     +checkbox('sage','SAGE','[{"key":"已SAGE","value":"true"}]',req.query.sage)
    22|                     +input('number','pagesize','页容量', pagesize)

Cannot read property 'models' of undefined
err stack: TypeError: /Users/web/Desktop/demo/koaproject/water2017/views/content/threads/index.pug:19
    17|                     if req.query.parent
    18|                         +input('number','parent','父串',req.query.parent)
  > 19|                     +select('forum','版块',sails.models.forum.selectList,req.query.forum)
    20|                     +checkbox('lock','锁定','[{"key":"已锁定","value":"true"}]',req.query.lock)
    21|                     +checkbox('sage','SAGE','[{"key":"已SAGE","value":"true"}]',req.query.sage)
    22|                     +input('number','pagesize','页容量', pagesize)

Cannot read property 'models' of undefined
    at block (eval at wrap (/Users/web/Desktop/demo/koaproject/water2017/node_modules/pug-runtime/wrap.js:6:10), <anonymous>:850:40)
    at Object.pug_interp (eval at wrap (/Users/web/Desktop/demo/koaproject/water2017/node_modules/pug-runtime/wrap.js:6:10), <anonymous>:181:10)
    at block (eval at wrap (/Users/web/Desktop/demo/koaproject/water2017/node_modules/pug-runtime/wrap.js:6:10), <anonymous>:825:20)
    at Object.pug_interp (eval at wrap (/Users/web/Desktop/demo/koaproject/water2017/node_modules/pug-runtime/wrap.js:6:10), <anonymous>:640:10)
    at block (eval at wrap (/Users/web/Desktop/demo/koaproject/water2017/node_modules/pug-runtime/wrap.js:6:10), <anonymous>:816:20)
    at Object.pug_interp (eval at wrap (/Users/web/Desktop/demo/koaproject/water2017/node_modules/pug-runtime/wrap.js:6:10), <anonymous>:55:10)
    at block (eval at wrap (/Users/web/Desktop/demo/koaproject/water2017/node_modules/pug-runtime/wrap.js:6:10), <anonymous>:813:19)
    at Object.pug_interp (eval at wrap (/Users/web/Desktop/demo/koaproject/water2017/node_modules/pug-runtime/wrap.js:6:10), <anonymous>:36:10)
    at block (eval at wrap (/Users/web/Desktop/demo/koaproject/water2017/node_modules/pug-runtime/wrap.js:6:10), <anonymous>:810:19)
    at Object.pug_interp (eval at wrap (/Users/web/Desktop/demo/koaproject/water2017/node_modules/pug-runtime/wrap.js:6:10), <anonymous>:13:10)
    at eval (eval at wrap (/Users/web/Desktop/demo/koaproject/water2017/node_modules/pug-runtime/wrap.js:6:10), <anonymous>:806:25)
    at template (eval at wrap (/Users/web/Desktop/demo/koaproject/water2017/node_modules/pug-runtime/wrap.js:6:10), <anonymous>:1310:72)
    at /Users/web/Desktop/demo/koaproject/water2017/node_modules/consolidate/lib/consolidate.js:809:16
    at /Users/web/Desktop/demo/koaproject/water2017/node_modules/consolidate/lib/consolidate.js:144:5
    at Promise._execute (/Users/web/Desktop/demo/koaproject/water2017/node_modules/bluebird/js/release/debuggability.js:300:9)
    at Promise._resolveFromExecutor (/Users/web/Desktop/demo/koaproject/water2017/node_modules/bluebird/js/release/promise.js:483:18)
    at new Promise (/Users/web/Desktop/demo/koaproject/water2017/node_modules/bluebird/js/release/promise.js:79:10)
    at promisify (/Users/web/Desktop/demo/koaproject/water2017/node_modules/consolidate/lib/consolidate.js:137:10)
    at exports.pug (/Users/web/Desktop/demo/koaproject/water2017/node_modules/consolidate/lib/consolidate.js:793:10)
    at /Users/web/Desktop/demo/koaproject/water2017/node_modules/koa-views/lib/index.js:53:20
    at <anonymous>
*************** error log end ***************

[2017-08-19 16:38:10.590] [ERROR] errorLogger - 
*************** error log start ***************
request method: GET
request originalUrl:  /content/threads
request client ip:  ::1
request query:  {}
response time: 499
err name: TypeError
err message: /Users/web/Desktop/demo/koaproject/water2017/views/layout/bootstrap.pug:169
    167|         div.col-sm-10
    168|             each item in data
  > 169|                 if _.isArray(value)
    170|                     - var ischecked =  ((value && value.indexOf(item.value)) || item.value == value) ? true : false
    171|                 else if value && item.value
    172|                     - var ischecked =  (item.value.toString() == value.toString())

Cannot read property 'isArray' of undefined
err stack: TypeError: /Users/web/Desktop/demo/koaproject/water2017/views/layout/bootstrap.pug:169
    167|         div.col-sm-10
    168|             each item in data
  > 169|                 if _.isArray(value)
    170|                     - var ischecked =  ((value && value.indexOf(item.value)) || item.value == value) ? true : false
    171|                 else if value && item.value
    172|                     - var ischecked =  (item.value.toString() == value.toString())

Cannot read property 'isArray' of undefined
    at Object.eval (eval at wrap (/Users/web/Desktop/demo/koaproject/water2017/node_modules/pug-runtime/wrap.js:6:10), <anonymous>:390:6)
    at Object.pug_interp [as checkbox] (eval at wrap (/Users/web/Desktop/demo/koaproject/water2017/node_modules/pug-runtime/wrap.js:6:10), <anonymous>:437:4)
    at block (eval at wrap (/Users/web/Desktop/demo/koaproject/water2017/node_modules/pug-runtime/wrap.js:6:10), <anonymous>:840:23)
    at Object.pug_interp (eval at wrap (/Users/web/Desktop/demo/koaproject/water2017/node_modules/pug-runtime/wrap.js:6:10), <anonymous>:181:10)
    at block (eval at wrap (/Users/web/Desktop/demo/koaproject/water2017/node_modules/pug-runtime/wrap.js:6:10), <anonymous>:815:20)
    at Object.pug_interp (eval at wrap (/Users/web/Desktop/demo/koaproject/water2017/node_modules/pug-runtime/wrap.js:6:10), <anonymous>:630:10)
    at block (eval at wrap (/Users/web/Desktop/demo/koaproject/water2017/node_modules/pug-runtime/wrap.js:6:10), <anonymous>:806:20)
    at Object.pug_interp (eval at wrap (/Users/web/Desktop/demo/koaproject/water2017/node_modules/pug-runtime/wrap.js:6:10), <anonymous>:55:10)
    at block (eval at wrap (/Users/web/Desktop/demo/koaproject/water2017/node_modules/pug-runtime/wrap.js:6:10), <anonymous>:803:19)
    at Object.pug_interp (eval at wrap (/Users/web/Desktop/demo/koaproject/water2017/node_modules/pug-runtime/wrap.js:6:10), <anonymous>:36:10)
    at block (eval at wrap (/Users/web/Desktop/demo/koaproject/water2017/node_modules/pug-runtime/wrap.js:6:10), <anonymous>:800:19)
    at Object.pug_interp (eval at wrap (/Users/web/Desktop/demo/koaproject/water2017/node_modules/pug-runtime/wrap.js:6:10), <anonymous>:13:10)
    at eval (eval at wrap (/Users/web/Desktop/demo/koaproject/water2017/node_modules/pug-runtime/wrap.js:6:10), <anonymous>:796:25)
    at template (eval at wrap (/Users/web/Desktop/demo/koaproject/water2017/node_modules/pug-runtime/wrap.js:6:10), <anonymous>:1256:72)
    at /Users/web/Desktop/demo/koaproject/water2017/node_modules/consolidate/lib/consolidate.js:809:16
    at /Users/web/Desktop/demo/koaproject/water2017/node_modules/consolidate/lib/consolidate.js:144:5
    at Promise._execute (/Users/web/Desktop/demo/koaproject/water2017/node_modules/bluebird/js/release/debuggability.js:300:9)
    at Promise._resolveFromExecutor (/Users/web/Desktop/demo/koaproject/water2017/node_modules/bluebird/js/release/promise.js:483:18)
    at new Promise (/Users/web/Desktop/demo/koaproject/water2017/node_modules/bluebird/js/release/promise.js:79:10)
    at promisify (/Users/web/Desktop/demo/koaproject/water2017/node_modules/consolidate/lib/consolidate.js:137:10)
    at exports.pug (/Users/web/Desktop/demo/koaproject/water2017/node_modules/consolidate/lib/consolidate.js:793:10)
    at /Users/web/Desktop/demo/koaproject/water2017/node_modules/koa-views/lib/index.js:53:20
*************** error log end ***************

[2017-08-19 16:39:41.682] [ERROR] errorLogger - 
*************** error log start ***************
request method: GET
request originalUrl:  /content/threads
request client ip:  ::1
request query:  {}
response time: 489
err name: TypeError
err message: /Users/web/Desktop/demo/koaproject/water2017/views/layout/bootstrap.pug:169
    167|         div.col-sm-10
    168|             each item in data
  > 169|                 if _.isArray(value)
    170|                     - var ischecked =  ((value && value.indexOf(item.value)) || item.value == value) ? true : false
    171|                 else if value && item.value
    172|                     - var ischecked =  (item.value.toString() == value.toString())

Cannot read property 'isArray' of undefined
err stack: TypeError: /Users/web/Desktop/demo/koaproject/water2017/views/layout/bootstrap.pug:169
    167|         div.col-sm-10
    168|             each item in data
  > 169|                 if _.isArray(value)
    170|                     - var ischecked =  ((value && value.indexOf(item.value)) || item.value == value) ? true : false
    171|                 else if value && item.value
    172|                     - var ischecked =  (item.value.toString() == value.toString())

Cannot read property 'isArray' of undefined
    at Object.eval (eval at wrap (/Users/web/Desktop/demo/koaproject/water2017/node_modules/pug-runtime/wrap.js:6:10), <anonymous>:390:6)
    at Object.pug_interp [as checkbox] (eval at wrap (/Users/web/Desktop/demo/koaproject/water2017/node_modules/pug-runtime/wrap.js:6:10), <anonymous>:437:4)
    at block (eval at wrap (/Users/web/Desktop/demo/koaproject/water2017/node_modules/pug-runtime/wrap.js:6:10), <anonymous>:840:23)
    at Object.pug_interp (eval at wrap (/Users/web/Desktop/demo/koaproject/water2017/node_modules/pug-runtime/wrap.js:6:10), <anonymous>:181:10)
    at block (eval at wrap (/Users/web/Desktop/demo/koaproject/water2017/node_modules/pug-runtime/wrap.js:6:10), <anonymous>:815:20)
    at Object.pug_interp (eval at wrap (/Users/web/Desktop/demo/koaproject/water2017/node_modules/pug-runtime/wrap.js:6:10), <anonymous>:630:10)
    at block (eval at wrap (/Users/web/Desktop/demo/koaproject/water2017/node_modules/pug-runtime/wrap.js:6:10), <anonymous>:806:20)
    at Object.pug_interp (eval at wrap (/Users/web/Desktop/demo/koaproject/water2017/node_modules/pug-runtime/wrap.js:6:10), <anonymous>:55:10)
    at block (eval at wrap (/Users/web/Desktop/demo/koaproject/water2017/node_modules/pug-runtime/wrap.js:6:10), <anonymous>:803:19)
    at Object.pug_interp (eval at wrap (/Users/web/Desktop/demo/koaproject/water2017/node_modules/pug-runtime/wrap.js:6:10), <anonymous>:36:10)
    at block (eval at wrap (/Users/web/Desktop/demo/koaproject/water2017/node_modules/pug-runtime/wrap.js:6:10), <anonymous>:800:19)
    at Object.pug_interp (eval at wrap (/Users/web/Desktop/demo/koaproject/water2017/node_modules/pug-runtime/wrap.js:6:10), <anonymous>:13:10)
    at eval (eval at wrap (/Users/web/Desktop/demo/koaproject/water2017/node_modules/pug-runtime/wrap.js:6:10), <anonymous>:796:25)
    at template (eval at wrap (/Users/web/Desktop/demo/koaproject/water2017/node_modules/pug-runtime/wrap.js:6:10), <anonymous>:1252:72)
    at /Users/web/Desktop/demo/koaproject/water2017/node_modules/consolidate/lib/consolidate.js:809:16
    at /Users/web/Desktop/demo/koaproject/water2017/node_modules/consolidate/lib/consolidate.js:144:5
    at Promise._execute (/Users/web/Desktop/demo/koaproject/water2017/node_modules/bluebird/js/release/debuggability.js:300:9)
    at Promise._resolveFromExecutor (/Users/web/Desktop/demo/koaproject/water2017/node_modules/bluebird/js/release/promise.js:483:18)
    at new Promise (/Users/web/Desktop/demo/koaproject/water2017/node_modules/bluebird/js/release/promise.js:79:10)
    at promisify (/Users/web/Desktop/demo/koaproject/water2017/node_modules/consolidate/lib/consolidate.js:137:10)
    at exports.pug (/Users/web/Desktop/demo/koaproject/water2017/node_modules/consolidate/lib/consolidate.js:793:10)
    at /Users/web/Desktop/demo/koaproject/water2017/node_modules/koa-views/lib/index.js:53:20
*************** error log end ***************

[2017-08-19 16:40:22.541] [ERROR] errorLogger - 
*************** error log start ***************
request method: GET
request originalUrl:  /content/threads
request client ip:  ::1
request query:  {}
response time: 492
err name: TypeError
err message: /Users/web/Desktop/demo/koaproject/water2017/views/layout/bootstrap.pug:169
    167|         div.col-sm-10
    168|             each item in data
  > 169|                 if _.isArray(value)
    170|                     - var ischecked =  ((value && value.indexOf(item.value)) || item.value == value) ? true : false
    171|                 else if value && item.value
    172|                     - var ischecked =  (item.value.toString() == value.toString())

Cannot read property 'isArray' of undefined
err stack: TypeError: /Users/web/Desktop/demo/koaproject/water2017/views/layout/bootstrap.pug:169
    167|         div.col-sm-10
    168|             each item in data
  > 169|                 if _.isArray(value)
    170|                     - var ischecked =  ((value && value.indexOf(item.value)) || item.value == value) ? true : false
    171|                 else if value && item.value
    172|                     - var ischecked =  (item.value.toString() == value.toString())

Cannot read property 'isArray' of undefined
    at Object.eval (eval at wrap (/Users/web/Desktop/demo/koaproject/water2017/node_modules/pug-runtime/wrap.js:6:10), <anonymous>:390:6)
    at Object.pug_interp [as checkbox] (eval at wrap (/Users/web/Desktop/demo/koaproject/water2017/node_modules/pug-runtime/wrap.js:6:10), <anonymous>:437:4)
    at block (eval at wrap (/Users/web/Desktop/demo/koaproject/water2017/node_modules/pug-runtime/wrap.js:6:10), <anonymous>:840:23)
    at Object.pug_interp (eval at wrap (/Users/web/Desktop/demo/koaproject/water2017/node_modules/pug-runtime/wrap.js:6:10), <anonymous>:181:10)
    at block (eval at wrap (/Users/web/Desktop/demo/koaproject/water2017/node_modules/pug-runtime/wrap.js:6:10), <anonymous>:815:20)
    at Object.pug_interp (eval at wrap (/Users/web/Desktop/demo/koaproject/water2017/node_modules/pug-runtime/wrap.js:6:10), <anonymous>:630:10)
    at block (eval at wrap (/Users/web/Desktop/demo/koaproject/water2017/node_modules/pug-runtime/wrap.js:6:10), <anonymous>:806:20)
    at Object.pug_interp (eval at wrap (/Users/web/Desktop/demo/koaproject/water2017/node_modules/pug-runtime/wrap.js:6:10), <anonymous>:55:10)
    at block (eval at wrap (/Users/web/Desktop/demo/koaproject/water2017/node_modules/pug-runtime/wrap.js:6:10), <anonymous>:803:19)
    at Object.pug_interp (eval at wrap (/Users/web/Desktop/demo/koaproject/water2017/node_modules/pug-runtime/wrap.js:6:10), <anonymous>:36:10)
    at block (eval at wrap (/Users/web/Desktop/demo/koaproject/water2017/node_modules/pug-runtime/wrap.js:6:10), <anonymous>:800:19)
    at Object.pug_interp (eval at wrap (/Users/web/Desktop/demo/koaproject/water2017/node_modules/pug-runtime/wrap.js:6:10), <anonymous>:13:10)
    at eval (eval at wrap (/Users/web/Desktop/demo/koaproject/water2017/node_modules/pug-runtime/wrap.js:6:10), <anonymous>:796:25)
    at template (eval at wrap (/Users/web/Desktop/demo/koaproject/water2017/node_modules/pug-runtime/wrap.js:6:10), <anonymous>:1252:72)
    at /Users/web/Desktop/demo/koaproject/water2017/node_modules/consolidate/lib/consolidate.js:809:16
    at /Users/web/Desktop/demo/koaproject/water2017/node_modules/consolidate/lib/consolidate.js:144:5
    at Promise._execute (/Users/web/Desktop/demo/koaproject/water2017/node_modules/bluebird/js/release/debuggability.js:300:9)
    at Promise._resolveFromExecutor (/Users/web/Desktop/demo/koaproject/water2017/node_modules/bluebird/js/release/promise.js:483:18)
    at new Promise (/Users/web/Desktop/demo/koaproject/water2017/node_modules/bluebird/js/release/promise.js:79:10)
    at promisify (/Users/web/Desktop/demo/koaproject/water2017/node_modules/consolidate/lib/consolidate.js:137:10)
    at exports.pug (/Users/web/Desktop/demo/koaproject/water2017/node_modules/consolidate/lib/consolidate.js:793:10)
    at /Users/web/Desktop/demo/koaproject/water2017/node_modules/koa-views/lib/index.js:53:20
*************** error log end ***************

