[2017-08-19 11:40:40.947] [ERROR] errorLogger - 
*************** error log start ***************
request method: GET
request originalUrl:  /content/forum/2/set?key=lock&value=false
request client ip:  ::1
request query:  {"key":"lock","value":"false"}
response time: 4
err name: AssertionError [ERR_ASSERTION]
err message: Missing where attribute in the options parameter
err stack: AssertionError [ERR_ASSERTION]: Missing where attribute in the options parameter
    at Function._optionsMustContainWhere (/Users/web/Desktop/demo/koaproject/water2017/node_modules/sequelize/lib/model.js:2923:5)
    at Function.update (/Users/web/Desktop/demo/koaproject/water2017/node_modules/sequelize/lib/model.js:2580:10)
    at exports.set (/Users/web/Desktop/demo/koaproject/water2017/api/controllers/ForumController.js:148:34)
    at dispatch (/Users/web/Desktop/demo/koaproject/water2017/node_modules/koa-router/node_modules/koa-compose/index.js:44:32)
    at next (/Users/web/Desktop/demo/koaproject/water2017/node_modules/koa-router/node_modules/koa-compose/index.js:45:18)
    at /Users/web/Desktop/demo/koaproject/water2017/node_modules/koa-router/lib/router.js:345:16
    at dispatch (/Users/web/Desktop/demo/koaproject/water2017/node_modules/koa-router/node_modules/koa-compose/index.js:44:32)
    at /Users/web/Desktop/demo/koaproject/water2017/node_modules/koa-router/node_modules/koa-compose/index.js:36:12
    at dispatch (/Users/web/Desktop/demo/koaproject/water2017/node_modules/koa-router/lib/router.js:350:31)
    at dispatch (/Users/web/Desktop/demo/koaproject/water2017/node_modules/koa-compose/index.js:42:32)
    at next (/Users/web/Desktop/demo/koaproject/water2017/node_modules/koa-compose/index.js:43:18)
    at dispatch (/Users/web/Desktop/demo/koaproject/water2017/node_modules/koa-router/lib/router.js:332:32)
    at dispatch (/Users/web/Desktop/demo/koaproject/water2017/node_modules/koa-compose/index.js:42:32)
    at next (/Users/web/Desktop/demo/koaproject/water2017/node_modules/koa-compose/index.js:43:18)
    at dispatch (/Users/web/Desktop/demo/koaproject/water2017/node_modules/koa-router/lib/router.js:332:32)
    at dispatch (/Users/web/Desktop/demo/koaproject/water2017/node_modules/koa-compose/index.js:42:32)
    at next (/Users/web/Desktop/demo/koaproject/water2017/node_modules/koa-compose/index.js:43:18)
    at app.use (/Users/web/Desktop/demo/koaproject/water2017/app.js:42:13)
    at dispatch (/Users/web/Desktop/demo/koaproject/water2017/node_modules/koa-compose/index.js:42:32)
    at next (/Users/web/Desktop/demo/koaproject/water2017/node_modules/koa-compose/index.js:43:18)
    at views (/Users/web/Desktop/demo/koaproject/water2017/node_modules/koa-views/lib/index.js:61:12)
    at dispatch (/Users/web/Desktop/demo/koaproject/water2017/node_modules/koa-compose/index.js:42:32)
*************** error log end ***************

[2017-08-19 11:41:44.569] [ERROR] errorLogger - 
*************** error log start ***************
request method: GET
request originalUrl:  /content/forum/2/set?key=lock&value=false
request client ip:  ::1
request query:  {"key":"lock","value":"false"}
response time: 3
err name: AssertionError [ERR_ASSERTION]
err message: Missing where attribute in the options parameter
err stack: AssertionError [ERR_ASSERTION]: Missing where attribute in the options parameter
    at Function._optionsMustContainWhere (/Users/web/Desktop/demo/koaproject/water2017/node_modules/sequelize/lib/model.js:2923:5)
    at Function.update (/Users/web/Desktop/demo/koaproject/water2017/node_modules/sequelize/lib/model.js:2580:10)
    at exports.set (/Users/web/Desktop/demo/koaproject/water2017/api/controllers/ForumController.js:148:34)
    at dispatch (/Users/web/Desktop/demo/koaproject/water2017/node_modules/koa-router/node_modules/koa-compose/index.js:44:32)
    at next (/Users/web/Desktop/demo/koaproject/water2017/node_modules/koa-router/node_modules/koa-compose/index.js:45:18)
    at /Users/web/Desktop/demo/koaproject/water2017/node_modules/koa-router/lib/router.js:345:16
    at dispatch (/Users/web/Desktop/demo/koaproject/water2017/node_modules/koa-router/node_modules/koa-compose/index.js:44:32)
    at /Users/web/Desktop/demo/koaproject/water2017/node_modules/koa-router/node_modules/koa-compose/index.js:36:12
    at dispatch (/Users/web/Desktop/demo/koaproject/water2017/node_modules/koa-router/lib/router.js:350:31)
    at dispatch (/Users/web/Desktop/demo/koaproject/water2017/node_modules/koa-compose/index.js:42:32)
    at next (/Users/web/Desktop/demo/koaproject/water2017/node_modules/koa-compose/index.js:43:18)
    at dispatch (/Users/web/Desktop/demo/koaproject/water2017/node_modules/koa-router/lib/router.js:332:32)
    at dispatch (/Users/web/Desktop/demo/koaproject/water2017/node_modules/koa-compose/index.js:42:32)
    at next (/Users/web/Desktop/demo/koaproject/water2017/node_modules/koa-compose/index.js:43:18)
    at dispatch (/Users/web/Desktop/demo/koaproject/water2017/node_modules/koa-router/lib/router.js:332:32)
    at dispatch (/Users/web/Desktop/demo/koaproject/water2017/node_modules/koa-compose/index.js:42:32)
    at next (/Users/web/Desktop/demo/koaproject/water2017/node_modules/koa-compose/index.js:43:18)
    at app.use (/Users/web/Desktop/demo/koaproject/water2017/app.js:42:13)
    at dispatch (/Users/web/Desktop/demo/koaproject/water2017/node_modules/koa-compose/index.js:42:32)
    at next (/Users/web/Desktop/demo/koaproject/water2017/node_modules/koa-compose/index.js:43:18)
    at views (/Users/web/Desktop/demo/koaproject/water2017/node_modules/koa-views/lib/index.js:61:12)
    at dispatch (/Users/web/Desktop/demo/koaproject/water2017/node_modules/koa-compose/index.js:42:32)
*************** error log end ***************

[2017-08-19 11:42:02.295] [ERROR] errorLogger - 
*************** error log start ***************
request method: GET
request originalUrl:  /content/forum/2/set?key=lock&value=false
request client ip:  ::1
request query:  {"key":"lock","value":"false"}
response time: 4
err name: AssertionError [ERR_ASSERTION]
err message: Missing where attribute in the options parameter
err stack: AssertionError [ERR_ASSERTION]: Missing where attribute in the options parameter
    at Function._optionsMustContainWhere (/Users/web/Desktop/demo/koaproject/water2017/node_modules/sequelize/lib/model.js:2923:5)
    at Function.update (/Users/web/Desktop/demo/koaproject/water2017/node_modules/sequelize/lib/model.js:2580:10)
    at exports.set (/Users/web/Desktop/demo/koaproject/water2017/api/controllers/ForumController.js:148:34)
    at dispatch (/Users/web/Desktop/demo/koaproject/water2017/node_modules/koa-router/node_modules/koa-compose/index.js:44:32)
    at next (/Users/web/Desktop/demo/koaproject/water2017/node_modules/koa-router/node_modules/koa-compose/index.js:45:18)
    at /Users/web/Desktop/demo/koaproject/water2017/node_modules/koa-router/lib/router.js:345:16
    at dispatch (/Users/web/Desktop/demo/koaproject/water2017/node_modules/koa-router/node_modules/koa-compose/index.js:44:32)
    at /Users/web/Desktop/demo/koaproject/water2017/node_modules/koa-router/node_modules/koa-compose/index.js:36:12
    at dispatch (/Users/web/Desktop/demo/koaproject/water2017/node_modules/koa-router/lib/router.js:350:31)
    at dispatch (/Users/web/Desktop/demo/koaproject/water2017/node_modules/koa-compose/index.js:42:32)
    at next (/Users/web/Desktop/demo/koaproject/water2017/node_modules/koa-compose/index.js:43:18)
    at dispatch (/Users/web/Desktop/demo/koaproject/water2017/node_modules/koa-router/lib/router.js:332:32)
    at dispatch (/Users/web/Desktop/demo/koaproject/water2017/node_modules/koa-compose/index.js:42:32)
    at next (/Users/web/Desktop/demo/koaproject/water2017/node_modules/koa-compose/index.js:43:18)
    at dispatch (/Users/web/Desktop/demo/koaproject/water2017/node_modules/koa-router/lib/router.js:332:32)
    at dispatch (/Users/web/Desktop/demo/koaproject/water2017/node_modules/koa-compose/index.js:42:32)
    at next (/Users/web/Desktop/demo/koaproject/water2017/node_modules/koa-compose/index.js:43:18)
    at app.use (/Users/web/Desktop/demo/koaproject/water2017/app.js:42:13)
    at dispatch (/Users/web/Desktop/demo/koaproject/water2017/node_modules/koa-compose/index.js:42:32)
    at next (/Users/web/Desktop/demo/koaproject/water2017/node_modules/koa-compose/index.js:43:18)
    at views (/Users/web/Desktop/demo/koaproject/water2017/node_modules/koa-views/lib/index.js:61:12)
    at dispatch (/Users/web/Desktop/demo/koaproject/water2017/node_modules/koa-compose/index.js:42:32)
*************** error log end ***************

[2017-08-19 11:42:22.578] [ERROR] errorLogger - 
*************** error log start ***************
request method: GET
request originalUrl:  /content/forum/3/set?key=lock&value=false
request client ip:  ::1
request query:  {"key":"lock","value":"false"}
response time: 1
err name: AssertionError [ERR_ASSERTION]
err message: Missing where attribute in the options parameter
err stack: AssertionError [ERR_ASSERTION]: Missing where attribute in the options parameter
    at Function._optionsMustContainWhere (/Users/web/Desktop/demo/koaproject/water2017/node_modules/sequelize/lib/model.js:2923:5)
    at Function.update (/Users/web/Desktop/demo/koaproject/water2017/node_modules/sequelize/lib/model.js:2580:10)
    at exports.set (/Users/web/Desktop/demo/koaproject/water2017/api/controllers/ForumController.js:148:34)
    at dispatch (/Users/web/Desktop/demo/koaproject/water2017/node_modules/koa-router/node_modules/koa-compose/index.js:44:32)
    at next (/Users/web/Desktop/demo/koaproject/water2017/node_modules/koa-router/node_modules/koa-compose/index.js:45:18)
    at /Users/web/Desktop/demo/koaproject/water2017/node_modules/koa-router/lib/router.js:345:16
    at dispatch (/Users/web/Desktop/demo/koaproject/water2017/node_modules/koa-router/node_modules/koa-compose/index.js:44:32)
    at /Users/web/Desktop/demo/koaproject/water2017/node_modules/koa-router/node_modules/koa-compose/index.js:36:12
    at dispatch (/Users/web/Desktop/demo/koaproject/water2017/node_modules/koa-router/lib/router.js:350:31)
    at dispatch (/Users/web/Desktop/demo/koaproject/water2017/node_modules/koa-compose/index.js:42:32)
    at next (/Users/web/Desktop/demo/koaproject/water2017/node_modules/koa-compose/index.js:43:18)
    at dispatch (/Users/web/Desktop/demo/koaproject/water2017/node_modules/koa-router/lib/router.js:332:32)
    at dispatch (/Users/web/Desktop/demo/koaproject/water2017/node_modules/koa-compose/index.js:42:32)
    at next (/Users/web/Desktop/demo/koaproject/water2017/node_modules/koa-compose/index.js:43:18)
    at dispatch (/Users/web/Desktop/demo/koaproject/water2017/node_modules/koa-router/lib/router.js:332:32)
    at dispatch (/Users/web/Desktop/demo/koaproject/water2017/node_modules/koa-compose/index.js:42:32)
    at next (/Users/web/Desktop/demo/koaproject/water2017/node_modules/koa-compose/index.js:43:18)
    at app.use (/Users/web/Desktop/demo/koaproject/water2017/app.js:42:13)
    at dispatch (/Users/web/Desktop/demo/koaproject/water2017/node_modules/koa-compose/index.js:42:32)
    at next (/Users/web/Desktop/demo/koaproject/water2017/node_modules/koa-compose/index.js:43:18)
    at views (/Users/web/Desktop/demo/koaproject/water2017/node_modules/koa-views/lib/index.js:61:12)
    at dispatch (/Users/web/Desktop/demo/koaproject/water2017/node_modules/koa-compose/index.js:42:32)
*************** error log end ***************

[2017-08-19 11:42:52.312] [ERROR] errorLogger - 
*************** error log start ***************
request method: GET
request originalUrl:  /content/forum/3/set?key=lock&value=false
request client ip:  ::1
request query:  {"key":"lock","value":"false"}
response time: 4
err name: AssertionError [ERR_ASSERTION]
err message: Missing where attribute in the options parameter
err stack: AssertionError [ERR_ASSERTION]: Missing where attribute in the options parameter
    at Function._optionsMustContainWhere (/Users/web/Desktop/demo/koaproject/water2017/node_modules/sequelize/lib/model.js:2923:5)
    at Function.update (/Users/web/Desktop/demo/koaproject/water2017/node_modules/sequelize/lib/model.js:2580:10)
    at exports.set (/Users/web/Desktop/demo/koaproject/water2017/api/controllers/ForumController.js:148:34)
    at dispatch (/Users/web/Desktop/demo/koaproject/water2017/node_modules/koa-router/node_modules/koa-compose/index.js:44:32)
    at next (/Users/web/Desktop/demo/koaproject/water2017/node_modules/koa-router/node_modules/koa-compose/index.js:45:18)
    at /Users/web/Desktop/demo/koaproject/water2017/node_modules/koa-router/lib/router.js:345:16
    at dispatch (/Users/web/Desktop/demo/koaproject/water2017/node_modules/koa-router/node_modules/koa-compose/index.js:44:32)
    at /Users/web/Desktop/demo/koaproject/water2017/node_modules/koa-router/node_modules/koa-compose/index.js:36:12
    at dispatch (/Users/web/Desktop/demo/koaproject/water2017/node_modules/koa-router/lib/router.js:350:31)
    at dispatch (/Users/web/Desktop/demo/koaproject/water2017/node_modules/koa-compose/index.js:42:32)
    at next (/Users/web/Desktop/demo/koaproject/water2017/node_modules/koa-compose/index.js:43:18)
    at dispatch (/Users/web/Desktop/demo/koaproject/water2017/node_modules/koa-router/lib/router.js:332:32)
    at dispatch (/Users/web/Desktop/demo/koaproject/water2017/node_modules/koa-compose/index.js:42:32)
    at next (/Users/web/Desktop/demo/koaproject/water2017/node_modules/koa-compose/index.js:43:18)
    at dispatch (/Users/web/Desktop/demo/koaproject/water2017/node_modules/koa-router/lib/router.js:332:32)
    at dispatch (/Users/web/Desktop/demo/koaproject/water2017/node_modules/koa-compose/index.js:42:32)
    at next (/Users/web/Desktop/demo/koaproject/water2017/node_modules/koa-compose/index.js:43:18)
    at app.use (/Users/web/Desktop/demo/koaproject/water2017/app.js:42:13)
    at dispatch (/Users/web/Desktop/demo/koaproject/water2017/node_modules/koa-compose/index.js:42:32)
    at next (/Users/web/Desktop/demo/koaproject/water2017/node_modules/koa-compose/index.js:43:18)
    at views (/Users/web/Desktop/demo/koaproject/water2017/node_modules/koa-views/lib/index.js:61:12)
    at dispatch (/Users/web/Desktop/demo/koaproject/water2017/node_modules/koa-compose/index.js:42:32)
*************** error log end ***************

[2017-08-19 11:49:57.195] [ERROR] errorLogger - 
*************** error log start ***************
request method: GET
request originalUrl:  /content/forum/create
request client ip:  ::1
request query:  {}
response time: 94
err name: TypeError
err message: Cannot read property 'name' of undefined
err stack: TypeError: Cannot read property 'name' of undefined
    at exports.create (/Users/web/Desktop/demo/koaproject/water2017/api/controllers/ForumController.js:61:27)
    at <anonymous>
*************** error log end ***************

